<?xml version="1.0" encoding="UTF-8"?>
<testsuite name="com.farhan.springcellar.SpringCellarApplicationTests" tests="1" skipped="0" failures="0" errors="0" timestamp="2016-07-23T17:11:38" hostname="masud" time="0.002">
  <properties/>
  <testcase name="contextLoads" classname="com.farhan.springcellar.SpringCellarApplicationTests" time="0.002"/>
  <system-out><![CDATA[23:11:35.183 [Test worker] DEBUG org.springframework.test.context.junit4.SpringJUnit4ClassRunner - SpringJUnit4ClassRunner constructor called with [class com.farhan.springcellar.SpringCellarApplicationTests]
23:11:35.190 [Test worker] DEBUG org.springframework.test.context.BootstrapUtils - Instantiating CacheAwareContextLoaderDelegate from class [org.springframework.test.context.cache.DefaultCacheAwareContextLoaderDelegate]
23:11:35.200 [Test worker] DEBUG org.springframework.test.context.BootstrapUtils - Instantiating BootstrapContext using constructor [public org.springframework.test.context.support.DefaultBootstrapContext(java.lang.Class,org.springframework.test.context.CacheAwareContextLoaderDelegate)]
23:11:35.211 [Test worker] DEBUG org.springframework.test.context.BootstrapUtils - Instantiating TestContextBootstrapper for test class [com.farhan.springcellar.SpringCellarApplicationTests] from class [org.springframework.test.context.support.DefaultTestContextBootstrapper]
23:11:35.236 [Test worker] DEBUG org.springframework.test.context.support.DefaultTestContextBootstrapper - Found explicit ContextLoader class [org.springframework.boot.test.SpringApplicationContextLoader] for context configuration attributes [ContextConfigurationAttributes@7f492d4c declaringClass = 'com.farhan.springcellar.SpringCellarApplicationTests', classes = '{class com.farhan.springcellar.SpringCellarApplication}', locations = '{}', inheritLocations = true, initializers = '{}', inheritInitializers = true, name = [null], contextLoaderClass = 'org.springframework.boot.test.SpringApplicationContextLoader']
23:11:35.244 [Test worker] DEBUG org.springframework.test.context.support.AbstractContextLoader - Did not detect default resource location for test class [com.farhan.springcellar.SpringCellarApplicationTests]: class path resource [com/farhan/springcellar/SpringCellarApplicationTests-context.xml] does not exist
23:11:35.245 [Test worker] DEBUG org.springframework.test.context.support.AbstractContextLoader - Did not detect default resource location for test class [com.farhan.springcellar.SpringCellarApplicationTests]: class path resource [com/farhan/springcellar/SpringCellarApplicationTestsContext.groovy] does not exist
23:11:35.245 [Test worker] INFO org.springframework.test.context.support.AbstractContextLoader - Could not detect default resource locations for test class [com.farhan.springcellar.SpringCellarApplicationTests]: no resource found for suffixes {-context.xml, Context.groovy}.
23:11:35.247 [Test worker] DEBUG org.springframework.test.context.support.ActiveProfilesUtils - Could not find an 'annotation declaring class' for annotation type [org.springframework.test.context.ActiveProfiles] and class [com.farhan.springcellar.SpringCellarApplicationTests]
23:11:35.252 [Test worker] DEBUG org.springframework.test.context.support.DefaultTestContextBootstrapper - @TestExecutionListeners is not present for class [com.farhan.springcellar.SpringCellarApplicationTests]: using defaults.
23:11:35.262 [Test worker] INFO org.springframework.test.context.support.DefaultTestContextBootstrapper - Loaded default TestExecutionListener class names from location [META-INF/spring.factories]: [org.springframework.test.context.web.ServletTestExecutionListener, org.springframework.test.context.support.DirtiesContextBeforeModesTestExecutionListener, org.springframework.test.context.support.DependencyInjectionTestExecutionListener, org.springframework.test.context.support.DirtiesContextTestExecutionListener, org.springframework.test.context.transaction.TransactionalTestExecutionListener, org.springframework.test.context.jdbc.SqlScriptsTestExecutionListener]
23:11:35.296 [Test worker] INFO org.springframework.test.context.support.DefaultTestContextBootstrapper - Could not instantiate TestExecutionListener [org.springframework.test.context.transaction.TransactionalTestExecutionListener]. Specify custom listener classes or make the default listener classes (and their required dependencies) available. Offending class: [org/springframework/transaction/interceptor/TransactionAttributeSource]
23:11:35.305 [Test worker] INFO org.springframework.test.context.support.DefaultTestContextBootstrapper - Could not instantiate TestExecutionListener [org.springframework.test.context.jdbc.SqlScriptsTestExecutionListener]. Specify custom listener classes or make the default listener classes (and their required dependencies) available. Offending class: [org/springframework/transaction/interceptor/TransactionAttribute]
23:11:35.308 [Test worker] INFO org.springframework.test.context.support.DefaultTestContextBootstrapper - Using TestExecutionListeners: [org.springframework.test.context.web.ServletTestExecutionListener@31766b5f, org.springframework.test.context.support.DirtiesContextBeforeModesTestExecutionListener@323a04cd, org.springframework.test.context.support.DependencyInjectionTestExecutionListener@3f60cdae, org.springframework.test.context.support.DirtiesContextTestExecutionListener@493756de]
23:11:35.327 [Test worker] DEBUG org.springframework.test.annotation.ProfileValueUtils - Retrieved @ProfileValueSourceConfiguration [null] for test class [com.farhan.springcellar.SpringCellarApplicationTests]
23:11:35.328 [Test worker] DEBUG org.springframework.test.annotation.ProfileValueUtils - Retrieved ProfileValueSource type [class org.springframework.test.annotation.SystemProfileValueSource] for class [com.farhan.springcellar.SpringCellarApplicationTests]
23:11:35.347 [Test worker] DEBUG org.springframework.test.annotation.ProfileValueUtils - Retrieved @ProfileValueSourceConfiguration [null] for test class [com.farhan.springcellar.SpringCellarApplicationTests]
23:11:35.347 [Test worker] DEBUG org.springframework.test.annotation.ProfileValueUtils - Retrieved ProfileValueSource type [class org.springframework.test.annotation.SystemProfileValueSource] for class [com.farhan.springcellar.SpringCellarApplicationTests]
23:11:35.366 [Test worker] DEBUG org.springframework.test.context.support.AbstractDirtiesContextTestExecutionListener - Before test class: context [DefaultTestContext@11213edf testClass = SpringCellarApplicationTests, testInstance = [null], testMethod = [null], testException = [null], mergedContextConfiguration = [MergedContextConfiguration@5b060704 testClass = SpringCellarApplicationTests, locations = '{}', classes = '{class com.farhan.springcellar.SpringCellarApplication}', contextInitializerClasses = '[]', activeProfiles = '{}', propertySourceLocations = '{}', propertySourceProperties = '{}', contextLoader = 'org.springframework.boot.test.SpringApplicationContextLoader', parent = [null]]], class annotated with @DirtiesContext [false] with mode [null].
23:11:35.368 [Test worker] DEBUG org.springframework.test.annotation.ProfileValueUtils - Retrieved @ProfileValueSourceConfiguration [null] for test class [com.farhan.springcellar.SpringCellarApplicationTests]
23:11:35.368 [Test worker] DEBUG org.springframework.test.annotation.ProfileValueUtils - Retrieved ProfileValueSource type [class org.springframework.test.annotation.SystemProfileValueSource] for class [com.farhan.springcellar.SpringCellarApplicationTests]
23:11:35.371 [Test worker] DEBUG org.springframework.test.context.support.DependencyInjectionTestExecutionListener - Performing dependency injection for test context [[DefaultTestContext@11213edf testClass = SpringCellarApplicationTests, testInstance = com.farhan.springcellar.SpringCellarApplicationTests@980fecb, testMethod = [null], testException = [null], mergedContextConfiguration = [MergedContextConfiguration@5b060704 testClass = SpringCellarApplicationTests, locations = '{}', classes = '{class com.farhan.springcellar.SpringCellarApplication}', contextInitializerClasses = '[]', activeProfiles = '{}', propertySourceLocations = '{}', propertySourceProperties = '{}', contextLoader = 'org.springframework.boot.test.SpringApplicationContextLoader', parent = [null]]]].
23:11:35.450 [Test worker] DEBUG org.springframework.core.env.StandardEnvironment - Adding [systemProperties] PropertySource with lowest search precedence
23:11:35.452 [Test worker] DEBUG org.springframework.core.env.StandardEnvironment - Adding [systemEnvironment] PropertySource with lowest search precedence
23:11:35.452 [Test worker] DEBUG org.springframework.core.env.StandardEnvironment - Initialized StandardEnvironment with PropertySources [systemProperties,systemEnvironment]
23:11:35.454 [Test worker] DEBUG org.springframework.core.env.StandardEnvironment - Adding [integrationTest] PropertySource with search precedence immediately lower than [systemEnvironment]

  .   ____          _            __ _ _
 /\\ / ___'_ __ _ _(_)_ __  __ _ \ \ \ \
( ( )\___ | '_ | '_| | '_ \/ _` | \ \ \ \
 \\/  ___)| |_)| | | | | || (_| |  ) ) ) )
  '  |____| .__|_| |_|_| |_\__, | / / / /
 =========|_|==============|___/=/_/_/_/
 :: Spring Boot ::        (v1.3.6.RELEASE)

2016-07-23 23:11:35.986  INFO 13460 --- [    Test worker] c.f.s.SpringCellarApplicationTests       : Starting SpringCellarApplicationTests on masud with PID 13460 (/Users/farhan/workspace/SpringCellar/build/classes/test started by farhan in /Users/farhan/workspace/SpringCellar)
2016-07-23 23:11:35.994  INFO 13460 --- [    Test worker] c.f.s.SpringCellarApplicationTests       : No active profile set, falling back to default profiles: default
2016-07-23 23:11:36.059  INFO 13460 --- [    Test worker] s.c.a.AnnotationConfigApplicationContext : Refreshing org.springframework.context.annotation.AnnotationConfigApplicationContext@3914cc2e: startup date [Sat Jul 23 23:11:36 BDT 2016]; root of context hierarchy
2016-07-23 23:11:38.034  INFO 13460 --- [    Test worker] c.f.s.SpringCellarApplicationTests       : Started SpringCellarApplicationTests in 2.549 seconds (JVM running for 4.287)
]]></system-out>
  <system-err><![CDATA[]]></system-err>
</testsuite>
